11-18 09:25:51:590 De-optimizing /system/app/ANTPlusPlugins/ANTPlusPlugins.apk
11-18 09:25:57:611 Output to /home/furzewolf/SM-P600-Android-5.1.1/app/ANTPlusPlugins/arm/ANTPlusPlugins.dex
11-18 09:25:58:601 De-optimizing /system/app/PackageInstaller/PackageInstaller.apk
11-18 09:26:00:011 Output to /home/furzewolf/SM-P600-Android-5.1.1/app/PackageInstaller/arm/PackageInstaller.dex
11-18 09:26:00:415 De-optimizing /system/app/SysScope/SysScope.apk
11-18 09:26:00:908 Output to /home/furzewolf/SM-P600-Android-5.1.1/app/SysScope/arm/SysScope.dex
11-18 09:26:01:272 De-optimizing /system/app/AllshareMediaServer/AllshareMediaServer.apk
11-18 09:26:02:942 Output to /home/furzewolf/SM-P600-Android-5.1.1/app/AllshareMediaServer/arm/AllshareMediaServer.dex
11-18 09:26:03:524 De-optimizing /system/app/PolarisOffice5_Tablet/PolarisOffice5_Tablet.apk
11-18 09:26:10:072 Output to /home/furzewolf/SM-P600-Android-5.1.1/app/PolarisOffice5_Tablet/arm/PolarisOffice5_Tablet.dex
11-18 09:26:11:722 De-optimizing /system/app/WeatherDaemon2014_LMR_Tablet/WeatherDaemon2014_LMR_Tablet.apk
11-18 09:26:15:108 Output to /home/furzewolf/SM-P600-Android-5.1.1/app/WeatherDaemon2014_LMR_Tablet/arm/WeatherDaemon2014_LMR_Tablet.dex
11-18 09:26:15:720 De-optimizing /system/app/RootPA/RootPA.apk
11-18 09:26:16:229 Output to /home/furzewolf/SM-P600-Android-5.1.1/app/RootPA/arm/RootPA.dex
11-18 09:26:16:645 De-optimizing /system/app/PlayGames/PlayGames.apk
11-18 09:26:23:899 Output to /home/furzewolf/SM-P600-Android-5.1.1/app/PlayGames/arm/PlayGames.dex
11-18 09:26:25:289 De-optimizing /system/app/EasyChart/EasyChart.apk
11-18 09:26:28:854 Output to /home/furzewolf/SM-P600-Android-5.1.1/app/EasyChart/arm/EasyChart.dex
11-18 09:26:29:470 De-optimizing /system/app/PartnerBookmarksProvider/PartnerBookmarksProvider.apk
11-18 09:26:29:829 Output to /home/furzewolf/SM-P600-Android-5.1.1/app/PartnerBookmarksProvider/arm/PartnerBookmarksProvider.dex
11-18 09:26:30:191 De-optimizing /system/app/ELMAgent/ELMAgent.apk
11-18 09:26:30:355 Output to /home/furzewolf/SM-P600-Android-5.1.1/app/ELMAgent/arm/ELMAgent.dex
11-18 09:26:30:722 De-optimizing /system/app/PopupuiReceiver/PopupuiReceiver.apk
11-18 09:26:31:224 Output to /home/furzewolf/SM-P600-Android-5.1.1/app/PopupuiReceiver/arm/PopupuiReceiver.dex
11-18 09:26:31:575 De-optimizing /system/app/FactoryCamera_FB/FactoryCamera_FB.apk
11-18 09:26:33:283 Output to /home/furzewolf/SM-P600-Android-5.1.1/app/FactoryCamera_FB/arm/FactoryCamera_FB.dex
11-18 09:26:33:697 De-optimizing /system/app/SamsungCameraFilter/SamsungCameraFilter.apk
11-18 09:26:33:816 Output to /home/furzewolf/SM-P600-Android-5.1.1/app/SamsungCameraFilter/arm/SamsungCameraFilter.dex
11-18 09:26:34:146 De-optimizing /system/app/ClipboardSaveService/ClipboardSaveService.apk
11-18 09:26:34:502 Output to /home/furzewolf/SM-P600-Android-5.1.1/app/ClipboardSaveService/arm/ClipboardSaveService.dex
11-18 09:26:34:977 De-optimizing /system/app/NYTimes/NYTimes.apk
11-18 09:26:40:834 Output to /home/furzewolf/SM-P600-Android-5.1.1/app/NYTimes/arm/NYTimes.dex
11-18 09:26:42:215 De-optimizing /system/app/ChatON_Tablet_MARKET/ChatON_Tablet_MARKET.apk
11-18 09:26:49:611 Output to /home/furzewolf/SM-P600-Android-5.1.1/app/ChatON_Tablet_MARKET/arm/ChatON_Tablet_MARKET.dex
11-18 09:26:51:079 De-optimizing /system/app/FilterInstaller/FilterInstaller.apk
11-18 09:26:51:467 Output to /home/furzewolf/SM-P600-Android-5.1.1/app/FilterInstaller/arm/FilterInstaller.dex
11-18 09:26:51:857 De-optimizing /system/app/BrowserProviderProxy/BrowserProviderProxy.apk
11-18 09:26:52:008 Output to /home/furzewolf/SM-P600-Android-5.1.1/app/BrowserProviderProxy/arm/BrowserProviderProxy.dex
11-18 09:26:52:419 De-optimizing /system/app/SwitchKnoxI/SwitchKnoxI.apk
11-18 09:26:53:669 Output to /home/furzewolf/SM-P600-Android-5.1.1/app/SwitchKnoxI/arm/SwitchKnoxI.dex
11-18 09:26:54:133 De-optimizing /system/app/UniversalMDMClient/UniversalMDMClient.apk
11-18 09:26:58:243 Output to /home/furzewolf/SM-P600-Android-5.1.1/app/UniversalMDMClient/arm/UniversalMDMClient.dex
11-18 09:26:58:979 De-optimizing /system/app/AllshareFileShare/AllshareFileShare.apk
11-18 09:26:59:710 Output to /home/furzewolf/SM-P600-Android-5.1.1/app/AllshareFileShare/arm/AllshareFileShare.dex
11-18 09:27:00:063 De-optimizing /system/app/BadgeProvider/BadgeProvider.apk
11-18 09:27:00:291 Output to /home/furzewolf/SM-P600-Android-5.1.1/app/BadgeProvider/arm/BadgeProvider.dex
11-18 09:27:00:666 De-optimizing /system/app/SapaAudioConnectionService/SapaAudioConnectionService.apk
11-18 09:27:02:066 Output to /home/furzewolf/SM-P600-Android-5.1.1/app/SapaAudioConnectionService/arm/SapaAudioConnectionService.dex
11-18 09:27:02:532 De-optimizing /system/app/USBSettings/USBSettings.apk
11-18 09:27:02:820 Output to /home/furzewolf/SM-P600-Android-5.1.1/app/USBSettings/arm/USBSettings.dex
11-18 09:27:03:168 De-optimizing /system/app/ringtoneBR/ringtoneBR.apk
11-18 09:27:03:531 Output to /home/furzewolf/SM-P600-Android-5.1.1/app/ringtoneBR/arm/ringtoneBR.dex
11-18 09:27:03:886 De-optimizing /system/app/PalmSwipeTutorial/PalmSwipeTutorial.apk
11-18 09:27:04:023 Output to /home/furzewolf/SM-P600-Android-5.1.1/app/PalmSwipeTutorial/arm/PalmSwipeTutorial.dex
11-18 09:27:04:429 De-optimizing /system/app/MusicLiveShare2/MusicLiveShare2.apk
11-18 09:27:07:216 Output to /home/furzewolf/SM-P600-Android-5.1.1/app/MusicLiveShare2/arm/MusicLiveShare2.dex
11-18 09:27:07:877 De-optimizing /system/app/TcpdumpService/TcpdumpService.apk
11-18 09:27:08:093 Output to /home/furzewolf/SM-P600-Android-5.1.1/app/TcpdumpService/arm/TcpdumpService.dex
11-18 09:27:08:468 De-optimizing /system/app/ANTRadioService/ANTRadioService.apk
11-18 09:27:09:857 Output to /home/furzewolf/SM-P600-Android-5.1.1/app/ANTRadioService/arm/ANTRadioService.dex
11-18 09:27:10:297 De-optimizing /system/app/ResourceManager/ResourceManager.apk
11-18 09:27:11:002 Output to /home/furzewolf/SM-P600-Android-5.1.1/app/ResourceManager/arm/ResourceManager.dex
11-18 09:27:11:361 De-optimizing /system/app/WfdBroker/WfdBroker.apk
11-18 09:27:11:929 Output to /home/furzewolf/SM-P600-Android-5.1.1/app/WfdBroker/arm/WfdBroker.dex
11-18 09:27:12:307 De-optimizing /system/app/SharingAccessibilitySettings/SharingAccessibilitySettings.apk
11-18 09:27:13:007 Output to /home/furzewolf/SM-P600-Android-5.1.1/app/SharingAccessibilitySettings/arm/SharingAccessibilitySettings.dex
11-18 09:27:13:490 De-optimizing /system/app/SNote4.1Preload/SNote4.1Preload.apk
11-18 09:27:23:841 Output to /home/furzewolf/SM-P600-Android-5.1.1/app/SNote4.1Preload/arm/SNote4.1Preload.dex
11-18 09:27:25:909 De-optimizing /system/app/SecExchange/SecExchange.apk
11-18 09:27:29:478 Output to /home/furzewolf/SM-P600-Android-5.1.1/app/SecExchange/arm/SecExchange.dex
11-18 09:27:30:054 De-optimizing /system/app/PickUpTutorial/PickUpTutorial.apk
11-18 09:27:30:949 Output to /home/furzewolf/SM-P600-Android-5.1.1/app/PickUpTutorial/arm/PickUpTutorial.dex
11-18 09:27:31:322 De-optimizing /system/app/BasicDreams/BasicDreams.apk
11-18 09:27:31:550 Output to /home/furzewolf/SM-P600-Android-5.1.1/app/BasicDreams/arm/BasicDreams.dex
11-18 09:27:31:946 De-optimizing /system/app/SafetyInformation/SafetyInformation.apk
11-18 09:27:32:133 Output to /home/furzewolf/SM-P600-Android-5.1.1/app/SafetyInformation/arm/SafetyInformation.dex
11-18 09:27:32:602 De-optimizing /system/app/SamsungIME/SamsungIME.apk
11-18 09:27:38:412 Output to /home/furzewolf/SM-P600-Android-5.1.1/app/SamsungIME/arm/SamsungIME.dex
11-18 09:27:39:601 De-optimizing /system/app/ChocoEUKor/ChocoEUKor.apk
11-18 09:27:39:717 Output to /home/furzewolf/SM-P600-Android-5.1.1/app/ChocoEUKor/arm/ChocoEUKor.dex
11-18 09:27:40:049 De-optimizing /system/app/WlanTest/WlanTest.apk
11-18 09:27:40:617 Output to /home/furzewolf/SM-P600-Android-5.1.1/app/WlanTest/arm/WlanTest.dex
11-18 09:27:40:978 De-optimizing /system/app/BCService/BCService.apk
11-18 09:27:41:553 Output to /home/furzewolf/SM-P600-Android-5.1.1/app/BCService/arm/BCService.dex
11-18 09:27:41:923 De-optimizing /system/app/Blurb/Blurb.apk
11-18 09:27:43:020 Output to /home/furzewolf/SM-P600-Android-5.1.1/app/Blurb/arm/Blurb.dex
11-18 09:27:43:411 De-optimizing /system/app/DropboxOOBE/DropboxOOBE.apk
11-18 09:27:43:608 Output to /home/furzewolf/SM-P600-Android-5.1.1/app/DropboxOOBE/arm/DropboxOOBE.dex
11-18 09:27:44:128 De-optimizing /system/app/ConfigUpdater/ConfigUpdater.apk
11-18 09:27:48:884 Output to /home/furzewolf/SM-P600-Android-5.1.1/app/ConfigUpdater/arm/ConfigUpdater.dex
11-18 09:27:49:582 De-optimizing /system/app/ChromeCustomizations/ChromeCustomizations.apk
11-18 09:27:49:748 Output to /home/furzewolf/SM-P600-Android-5.1.1/app/ChromeCustomizations/arm/ChromeCustomizations.dex
11-18 09:27:50:208 De-optimizing /system/app/LegacyInCallUI/LegacyInCallUI.apk
11-18 09:27:54:193 Output to /home/furzewolf/SM-P600-Android-5.1.1/app/LegacyInCallUI/arm/LegacyInCallUI.dex
11-18 09:27:55:111 De-optimizing /system/app/SPlannerWidget_2013_No_GEDWidget/SPlannerWidget_2013_No_GEDWidget.apk
11-18 09:27:56:279 Output to /home/furzewolf/SM-P600-Android-5.1.1/app/SPlannerWidget_2013_No_GEDWidget/arm/SPlannerWidget_2013_No_GEDWidget.dex
11-18 09:27:56:977 De-optimizing /system/app/Gmail2/Gmail2.apk
11-18 09:28:02:891 Output to /home/furzewolf/SM-P600-Android-5.1.1/app/Gmail2/arm/Gmail2.dex
11-18 09:28:04:091 De-optimizing /system/app/SecDeskHomeScreen_LUPG/SecDeskHomeScreen_LUPG.apk
11-18 09:28:04:673 Output to /home/furzewolf/SM-P600-Android-5.1.1/app/SecDeskHomeScreen_LUPG/arm/SecDeskHomeScreen_LUPG.dex
11-18 09:28:05:102 De-optimizing /system/app/Drive/Drive.apk
11-18 09:28:12:926 Output to /home/furzewolf/SM-P600-Android-5.1.1/app/Drive/arm/Drive.dex
11-18 09:28:14:215 De-optimizing /system/app/INDI_Server/INDI_Server.apk
11-18 09:28:14:487 Output to /home/furzewolf/SM-P600-Android-5.1.1/app/INDI_Server/arm/INDI_Server.dex
11-18 09:28:14:896 De-optimizing /system/app/SamsungSans/SamsungSans.apk
11-18 09:28:15:022 Output to /home/furzewolf/SM-P600-Android-5.1.1/app/SamsungSans/arm/SamsungSans.dex
11-18 09:28:15:361 De-optimizing /system/app/SCONE_Android_ProxyService_Lib/SCONE_Android_ProxyService_Lib.apk
11-18 09:28:16:238 Output to /home/furzewolf/SM-P600-Android-5.1.1/app/SCONE_Android_ProxyService_Lib/arm/SCONE_Android_ProxyService_Lib.dex
11-18 09:28:16:628 De-optimizing /system/app/TasksProvider/TasksProvider.apk
11-18 09:28:17:723 Output to /home/furzewolf/SM-P600-Android-5.1.1/app/TasksProvider/arm/TasksProvider.dex
11-18 09:28:18:175 De-optimizing /system/app/AccuweatherTablet2014_BG_LOS_WQXGA_TFT/AccuweatherTablet2014_BG_LOS_WQXGA_TFT.apk
11-18 09:28:21:298 Output to /home/furzewolf/SM-P600-Android-5.1.1/app/AccuweatherTablet2014_BG_LOS_WQXGA_TFT/arm/AccuweatherTablet2014_BG_LOS_WQXGA_TFT.dex
11-18 09:28:21:933 De-optimizing /system/app/KnoxAttestationAgent/KnoxAttestationAgent.apk
11-18 09:28:22:284 Output to /home/furzewolf/SM-P600-Android-5.1.1/app/KnoxAttestationAgent/arm/KnoxAttestationAgent.dex
11-18 09:28:22:658 De-optimizing /system/app/FilterManager/FilterManager.apk
11-18 09:28:23:250 Output to /home/furzewolf/SM-P600-Android-5.1.1/app/FilterManager/arm/FilterManager.dex
11-18 09:28:23:660 De-optimizing /system/app/SecSetupWizard2013/SecSetupWizard2013.apk
11-18 09:28:24:591 Output to /home/furzewolf/SM-P600-Android-5.1.1/app/SecSetupWizard2013/arm/SecSetupWizard2013.dex
11-18 09:28:25:048 De-optimizing /system/app/KnoxFolderContainer/KnoxFolderContainer.apk
11-18 09:28:25:893 Output to /home/furzewolf/SM-P600-Android-5.1.1/app/KnoxFolderContainer/arm/KnoxFolderContainer.dex
11-18 09:28:26:403 De-optimizing /system/app/SamsungCamera2/SamsungCamera2.apk
11-18 09:28:30:578 Output to /home/furzewolf/SM-P600-Android-5.1.1/app/SamsungCamera2/arm/SamsungCamera2.dex
11-18 09:28:31:321 De-optimizing /system/app/PreloadInstaller/PreloadInstaller.apk
11-18 09:28:31:660 Output to /home/furzewolf/SM-P600-Android-5.1.1/app/PreloadInstaller/arm/PreloadInstaller.dex
11-18 09:28:32:079 De-optimizing /system/app/SamsungTTS/SamsungTTS.apk
11-18 09:28:32:892 Output to /home/furzewolf/SM-P600-Android-5.1.1/app/SamsungTTS/arm/SamsungTTS.dex
11-18 09:28:33:265 De-optimizing /system/app/MobileTrackerEngineTwo/MobileTrackerEngineTwo.apk
11-18 09:28:33:679 Output to /home/furzewolf/SM-P600-Android-5.1.1/app/MobileTrackerEngineTwo/arm/MobileTrackerEngineTwo.dex
11-18 09:28:34:019 De-optimizing /system/app/SecurityProviderSEC/SecurityProviderSEC.apk
11-18 09:28:34:204 Output to /home/furzewolf/SM-P600-Android-5.1.1/app/SecurityProviderSEC/arm/SecurityProviderSEC.dex
11-18 09:28:34:546 De-optimizing /system/app/SettingSearchProvider/SettingSearchProvider.apk
11-18 09:28:35:466 Output to /home/furzewolf/SM-P600-Android-5.1.1/app/SettingSearchProvider/arm/SettingSearchProvider.dex
11-18 09:28:35:856 De-optimizing /system/app/CoolEUKor/CoolEUKor.apk
11-18 09:28:35:972 Output to /home/furzewolf/SM-P600-Android-5.1.1/app/CoolEUKor/arm/CoolEUKor.dex
11-18 09:28:36:298 De-optimizing /system/app/UserDictionaryProvider/UserDictionaryProvider.apk
11-18 09:28:36:570 Output to /home/furzewolf/SM-P600-Android-5.1.1/app/UserDictionaryProvider/arm/UserDictionaryProvider.dex
11-18 09:28:36:954 De-optimizing /system/app/WebViewGoogle/WebViewGoogle.apk
11-18 09:28:39:592 Output to /home/furzewolf/SM-P600-Android-5.1.1/app/WebViewGoogle/arm/WebViewGoogle.dex
11-18 09:28:40:273 De-optimizing /system/app/SecDayNote/SecDayNote.apk
11-18 09:28:44:504 Output to /home/furzewolf/SM-P600-Android-5.1.1/app/SecDayNote/arm/SecDayNote.dex
11-18 09:28:45:107 De-optimizing /system/app/ClipboardUIService/ClipboardUIService.apk
11-18 09:28:47:894 Output to /home/furzewolf/SM-P600-Android-5.1.1/app/ClipboardUIService/arm/ClipboardUIService.dex
11-18 09:28:48:428 De-optimizing /system/app/BluetoothTest/BluetoothTest.apk
11-18 09:28:48:886 Output to /home/furzewolf/SM-P600-Android-5.1.1/app/BluetoothTest/arm/BluetoothTest.dex
11-18 09:28:49:268 De-optimizing /system/app/BBCAgent/BBCAgent.apk
11-18 09:28:50:465 Output to /home/furzewolf/SM-P600-Android-5.1.1/app/BBCAgent/arm/BBCAgent.dex
11-18 09:28:50:873 De-optimizing /system/app/FlashAnnotateSvc/FlashAnnotateSvc.apk
11-18 09:28:51:504 Output to /home/furzewolf/SM-P600-Android-5.1.1/app/FlashAnnotateSvc/arm/FlashAnnotateSvc.dex
11-18 09:28:51:877 De-optimizing /system/app/TravelService_K/TravelService_K.apk
11-18 09:28:52:575 Output to /home/furzewolf/SM-P600-Android-5.1.1/app/TravelService_K/arm/TravelService_K.dex
11-18 09:28:52:945 De-optimizing /system/app/AntHalService/AntHalService.apk
11-18 09:28:53:238 Output to /home/furzewolf/SM-P600-Android-5.1.1/app/AntHalService/arm/AntHalService.dex
11-18 09:28:53:727 De-optimizing /system/app/Chrome/Chrome.apk
11-18 09:28:59:157 Output to /home/furzewolf/SM-P600-Android-5.1.1/app/Chrome/arm/Chrome.dex
11-18 09:29:00:457 De-optimizing /system/app/Evernote/Evernote.apk
11-18 09:29:08:420 Output to /home/furzewolf/SM-P600-Android-5.1.1/app/Evernote/arm/Evernote.dex
11-18 09:29:10:254 De-optimizing /system/app/SmartcardManager/SmartcardManager.apk
11-18 09:29:11:809 Output to /home/furzewolf/SM-P600-Android-5.1.1/app/SmartcardManager/arm/SmartcardManager.dex
11-18 09:29:12:184 De-optimizing /system/app/AllShareCastPlayer/AllShareCastPlayer.apk
11-18 09:29:12:586 Output to /home/furzewolf/SM-P600-Android-5.1.1/app/AllShareCastPlayer/arm/AllShareCastPlayer.dex
11-18 09:29:12:970 De-optimizing /system/app/MultiWindowTrayService/MultiWindowTrayService.apk
11-18 09:29:17:171 Output to /home/furzewolf/SM-P600-Android-5.1.1/app/MultiWindowTrayService/arm/MultiWindowTrayService.dex
11-18 09:29:17:862 De-optimizing /system/app/CertInstaller/CertInstaller.apk
11-18 09:29:18:211 Output to /home/furzewolf/SM-P600-Android-5.1.1/app/CertInstaller/arm/CertInstaller.dex
11-18 09:29:18:558 De-optimizing /system/app/SamsungWidget_ActiveApplication/SamsungWidget_ActiveApplication.apk
11-18 09:29:18:828 Output to /home/furzewolf/SM-P600-Android-5.1.1/app/SamsungWidget_ActiveApplication/arm/SamsungWidget_ActiveApplication.dex
11-18 09:29:19:196 De-optimizing /system/app/AASAservice/AASAservice.apk
11-18 09:29:19:595 Output to /home/furzewolf/SM-P600-Android-5.1.1/app/AASAservice/arm/AASAservice.dex
11-18 09:29:19:976 De-optimizing /system/app/MobilePrintSvc_Samsung/MobilePrintSvc_Samsung.apk
11-18 09:29:23:451 Output to /home/furzewolf/SM-P600-Android-5.1.1/app/MobilePrintSvc_Samsung/arm/MobilePrintSvc_Samsung.dex
11-18 09:29:24:031 De-optimizing /system/app/FlashAnnotate/FlashAnnotate.apk
11-18 09:29:28:401 Output to /home/furzewolf/SM-P600-Android-5.1.1/app/FlashAnnotate/arm/FlashAnnotate.dex
11-18 09:29:29:069 De-optimizing /system/app/FilterProvider/FilterProvider.apk
11-18 09:29:29:525 Output to /home/furzewolf/SM-P600-Android-5.1.1/app/FilterProvider/arm/FilterProvider.dex
11-18 09:29:29:933 De-optimizing /system/app/Dropbox/Dropbox.apk
11-18 09:29:33:750 Output to /home/furzewolf/SM-P600-Android-5.1.1/app/Dropbox/arm/Dropbox.dex
11-18 09:29:34:564 De-optimizing /system/app/KnoxMigrationAgent/KnoxMigrationAgent.apk
11-18 09:29:35:679 Output to /home/furzewolf/SM-P600-Android-5.1.1/app/KnoxMigrationAgent/arm/KnoxMigrationAgent.dex
11-18 09:29:36:086 De-optimizing /system/app/PhotoTable/PhotoTable.apk
11-18 09:29:36:647 Output to /home/furzewolf/SM-P600-Android-5.1.1/app/PhotoTable/arm/PhotoTable.dex
11-18 09:29:36:988 De-optimizing /system/app/SecHTMLViewer/SecHTMLViewer.apk
11-18 09:29:37:140 Output to /home/furzewolf/SM-P600-Android-5.1.1/app/SecHTMLViewer/arm/SecHTMLViewer.dex
11-18 09:29:37:505 De-optimizing /system/app/AssistantMenu2_tablet/AssistantMenu2_tablet.apk
11-18 09:29:39:868 Output to /home/furzewolf/SM-P600-Android-5.1.1/app/AssistantMenu2_tablet/arm/AssistantMenu2_tablet.dex
11-18 09:29:40:399 De-optimizing /system/app/GoogleTTS/GoogleTTS.apk
11-18 09:29:46:338 Output to /home/furzewolf/SM-P600-Android-5.1.1/app/GoogleTTS/arm/GoogleTTS.dex
11-18 09:29:47:619 De-optimizing /system/app/TaskManager/TaskManager.apk
11-18 09:29:48:341 Output to /home/furzewolf/SM-P600-Android-5.1.1/app/TaskManager/arm/TaskManager.dex
11-18 09:29:48:718 De-optimizing /system/app/SecQuickMemoApp_H/SecQuickMemoApp_H.apk
11-18 09:29:52:398 Output to /home/furzewolf/SM-P600-Android-5.1.1/app/SecQuickMemoApp_H/arm/SecQuickMemoApp_H.dex
11-18 09:29:53:025 De-optimizing /system/app/KnoxSetupWizardStub/KnoxSetupWizardStub.apk
11-18 09:29:53:143 Output to /home/furzewolf/SM-P600-Android-5.1.1/app/KnoxSetupWizardStub/arm/KnoxSetupWizardStub.dex
11-18 09:29:53:554 De-optimizing /system/app/SPlanner_Tablet_OS_UPG/SPlanner_Tablet_OS_UPG.apk
11-18 09:30:01:267 Output to /home/furzewolf/SM-P600-Android-5.1.1/app/SPlanner_Tablet_OS_UPG/arm/SPlanner_Tablet_OS_UPG.dex
11-18 09:30:02:618 De-optimizing /system/app/Twitter/Twitter.apk
11-18 09:30:10:285 Output to /home/furzewolf/SM-P600-Android-5.1.1/app/Twitter/arm/Twitter.dex
11-18 09:30:11:720 De-optimizing /system/app/SamsungAppsWidget/SamsungAppsWidget.apk
11-18 09:30:12:694 Output to /home/furzewolf/SM-P600-Android-5.1.1/app/SamsungAppsWidget/arm/SamsungAppsWidget.dex
11-18 09:30:13:128 De-optimizing /system/app/KeyChain/KeyChain.apk
11-18 09:30:13:569 Output to /home/furzewolf/SM-P600-Android-5.1.1/app/KeyChain/arm/KeyChain.dex
11-18 09:30:13:943 De-optimizing /system/app/CaptivePortalLogin/CaptivePortalLogin.apk
11-18 09:30:14:228 Output to /home/furzewolf/SM-P600-Android-5.1.1/app/CaptivePortalLogin/arm/CaptivePortalLogin.dex
11-18 09:30:14:677 De-optimizing /system/app/Videos/Videos.apk
11-18 09:30:21:351 Output to /home/furzewolf/SM-P600-Android-5.1.1/app/Videos/arm/Videos.dex
11-18 09:30:22:501 De-optimizing /system/app/Bluetooth/Bluetooth.apk
11-18 09:30:25:865 Output to /home/furzewolf/SM-P600-Android-5.1.1/app/Bluetooth/arm/Bluetooth.dex
11-18 09:30:26:430 De-optimizing /system/app/WebManual/WebManual.apk
11-18 09:30:26:730 Output to /home/furzewolf/SM-P600-Android-5.1.1/app/WebManual/arm/WebManual.dex
11-18 09:30:27:148 De-optimizing /system/app/WritingBuddyService/WritingBuddyService.apk
11-18 09:30:31:689 Output to /home/furzewolf/SM-P600-Android-5.1.1/app/WritingBuddyService/arm/WritingBuddyService.dex
11-18 09:30:32:456 De-optimizing /system/app/AllshareFileShareClient/AllshareFileShareClient.apk
11-18 09:30:33:354 Output to /home/furzewolf/SM-P600-Android-5.1.1/app/AllshareFileShareClient/arm/AllshareFileShareClient.dex
11-18 09:30:33:721 De-optimizing /system/app/Preconfig/Preconfig.apk
11-18 09:30:34:032 Output to /home/furzewolf/SM-P600-Android-5.1.1/app/Preconfig/arm/Preconfig.dex
11-18 09:30:34:439 De-optimizing /system/app/SmartClipServiceTMR/SmartClipServiceTMR.apk
11-18 09:30:39:524 Output to /home/furzewolf/SM-P600-Android-5.1.1/app/SmartClipServiceTMR/arm/SmartClipServiceTMR.dex
11-18 09:30:40:730 De-optimizing /system/app/SecTabletDualClockDigital_LUPG/SecTabletDualClockDigital_LUPG.apk
11-18 09:30:41:765 Output to /home/furzewolf/SM-P600-Android-5.1.1/app/SecTabletDualClockDigital_LUPG/arm/SecTabletDualClockDigital_LUPG.dex
11-18 09:30:42:179 De-optimizing /system/app/SecFactoryPhoneTest/SecFactoryPhoneTest.apk
11-18 09:30:42:879 Output to /home/furzewolf/SM-P600-Android-5.1.1/app/SecFactoryPhoneTest/arm/SecFactoryPhoneTest.dex
11-18 09:30:43:413 De-optimizing /system/app/Maps/Maps.apk
11-18 09:30:56:953 Output to /home/furzewolf/SM-P600-Android-5.1.1/app/Maps/arm/Maps.dex
11-18 09:30:56:955 De-optimizing /system/app/Maps/Maps.apk:classes2.dex
11-18 09:30:58:669 Output to /home/furzewolf/SM-P600-Android-5.1.1/app/Maps/arm/Maps-classes2.dex
11-18 09:31:00:852 De-optimizing /system/app/SPenSdk3/SPenSdk3.apk
11-18 09:31:01:006 Output to /home/furzewolf/SM-P600-Android-5.1.1/app/SPenSdk3/arm/SPenSdk3.dex
11-18 09:31:01:421 De-optimizing /system/app/GoogleContactsSyncAdapter/GoogleContactsSyncAdapter.apk
11-18 09:31:03:221 Output to /home/furzewolf/SM-P600-Android-5.1.1/app/GoogleContactsSyncAdapter/arm/GoogleContactsSyncAdapter.dex
11-18 09:31:03:637 De-optimizing /system/app/SapaMonitor/SapaMonitor.apk
11-18 09:31:04:745 Output to /home/furzewolf/SM-P600-Android-5.1.1/app/SapaMonitor/arm/SapaMonitor.dex
11-18 09:31:05:349 De-optimizing /system/app/PlusOne/PlusOne.apk
11-18 09:31:15:448 Output to /home/furzewolf/SM-P600-Android-5.1.1/app/PlusOne/arm/PlusOne.dex
11-18 09:31:15:448 De-optimizing /system/app/PlusOne/PlusOne.apk:classes2.dex
11-18 09:31:16:419 Output to /home/furzewolf/SM-P600-Android-5.1.1/app/PlusOne/arm/PlusOne-classes2.dex
11-18 09:31:18:146 De-optimizing /system/app/SilentLog/SilentLog.apk
11-18 09:31:18:645 Output to /home/furzewolf/SM-P600-Android-5.1.1/app/SilentLog/arm/SilentLog.dex
11-18 09:31:18:996 De-optimizing /system/app/SnsImageCache/SnsImageCache.apk
11-18 09:31:19:356 Output to /home/furzewolf/SM-P600-Android-5.1.1/app/SnsImageCache/arm/SnsImageCache.dex
11-18 09:31:19:722 De-optimizing /system/app/AllshareFileShareServer/AllshareFileShareServer.apk
11-18 09:31:20:438 Output to /home/furzewolf/SM-P600-Android-5.1.1/app/AllshareFileShareServer/arm/AllshareFileShareServer.dex
11-18 09:31:20:853 De-optimizing /system/app/IdeaSketch/IdeaSketch.apk
11-18 09:31:24:307 Output to /home/furzewolf/SM-P600-Android-5.1.1/app/IdeaSketch/arm/IdeaSketch.dex
11-18 09:31:25:023 De-optimizing /system/app/InteractiveTutorial/InteractiveTutorial.apk
11-18 09:31:28:267 Output to /home/furzewolf/SM-P600-Android-5.1.1/app/InteractiveTutorial/arm/InteractiveTutorial.dex
11-18 09:31:29:417 De-optimizing /system/app/DocumentsUI/DocumentsUI.apk
11-18 09:31:31:221 Output to /home/furzewolf/SM-P600-Android-5.1.1/app/DocumentsUI/arm/DocumentsUI.dex
11-18 09:31:32:076 De-optimizing /system/app/Books/Books.apk
11-18 09:31:40:775 Output to /home/furzewolf/SM-P600-Android-5.1.1/app/Books/arm/Books.dex
11-18 09:31:42:225 De-optimizing /system/app/GearManagerStub/GearManagerStub.apk
11-18 09:31:42:962 Output to /home/furzewolf/SM-P600-Android-5.1.1/app/GearManagerStub/arm/GearManagerStub.dex
11-18 09:31:43:487 De-optimizing /system/app/Hangouts/Hangouts.apk
11-18 09:31:50:534 Output to /home/furzewolf/SM-P600-Android-5.1.1/app/Hangouts/arm/Hangouts.dex
11-18 09:31:51:844 De-optimizing /system/app/MDMApp/MDMApp.apk
11-18 09:31:52:049 Output to /home/furzewolf/SM-P600-Android-5.1.1/app/MDMApp/arm/MDMApp.dex
11-18 09:31:52:412 De-optimizing /system/app/SwitchKnoxII/SwitchKnoxII.apk
11-18 09:31:53:648 Output to /home/furzewolf/SM-P600-Android-5.1.1/app/SwitchKnoxII/arm/SwitchKnoxII.dex
11-18 09:31:54:041 De-optimizing /system/app/SamsungContentsAgent/SamsungContentsAgent.apk
11-18 09:31:55:684 Output to /home/furzewolf/SM-P600-Android-5.1.1/app/SamsungContentsAgent/arm/SamsungContentsAgent.dex
11-18 09:31:56:083 De-optimizing /system/app/RoseEUKor/RoseEUKor.apk
11-18 09:31:56:200 Output to /home/furzewolf/SM-P600-Android-5.1.1/app/RoseEUKor/arm/RoseEUKor.dex
11-18 09:31:56:563 De-optimizing /system/app/ColorBlind/ColorBlind.apk
11-18 09:31:57:111 Output to /home/furzewolf/SM-P600-Android-5.1.1/app/ColorBlind/arm/ColorBlind.dex
11-18 09:31:57:569 De-optimizing /system/app/BBW/BBW.apk
11-18 09:32:04:918 Output to /home/furzewolf/SM-P600-Android-5.1.1/app/BBW/arm/BBW.dex
11-18 09:32:06:619 De-optimizing /system/app/OCRSeg/OCRSeg.apk
11-18 09:32:10:721 Output to /home/furzewolf/SM-P600-Android-5.1.1/app/OCRSeg/arm/OCRSeg.dex
11-18 09:32:11:339 De-optimizing /system/app/EdmSimPinService/EdmSimPinService.apk
11-18 09:32:11:508 Output to /home/furzewolf/SM-P600-Android-5.1.1/app/EdmSimPinService/arm/EdmSimPinService.dex
11-18 09:32:11:870 De-optimizing /system/app/AccessControl/AccessControl.apk
11-18 09:32:12:590 Output to /home/furzewolf/SM-P600-Android-5.1.1/app/AccessControl/arm/AccessControl.dex
11-18 09:32:13:081 De-optimizing /system/app/Music2/Music2.apk
11-18 09:32:21:248 Output to /home/furzewolf/SM-P600-Android-5.1.1/app/Music2/arm/Music2.dex
11-18 09:32:22:769 De-optimizing /system/app/VideoEditor_Stub/VideoEditor_Stub.apk
11-18 09:32:23:369 Output to /home/furzewolf/SM-P600-Android-5.1.1/app/VideoEditor_Stub/arm/VideoEditor_Stub.dex
11-18 09:32:23:799 De-optimizing /system/app/PeelTab/PeelTab.apk
11-18 09:32:28:612 Output to /home/furzewolf/SM-P600-Android-5.1.1/app/PeelTab/arm/PeelTab.dex
11-18 09:32:29:827 De-optimizing /system/app/Hs20Provider/Hs20Provider.apk
11-18 09:32:30:165 Output to /home/furzewolf/SM-P600-Android-5.1.1/app/Hs20Provider/arm/Hs20Provider.dex
11-18 09:32:30:580 De-optimizing /system/app/Flipboard/Flipboard.apk
11-18 09:32:37:615 Output to /home/furzewolf/SM-P600-Android-5.1.1/app/Flipboard/arm/Flipboard.dex
11-18 09:32:38:766 De-optimizing /system/app/AllshareMediaShare/AllshareMediaShare.apk
11-18 09:32:40:207 Output to /home/furzewolf/SM-P600-Android-5.1.1/app/AllshareMediaShare/arm/AllshareMediaShare.dex
11-18 09:32:40:644 De-optimizing /system/app/SecTabletClockPackage_LUPG/SecTabletClockPackage_LUPG.apk
11-18 09:32:45:828 Output to /home/furzewolf/SM-P600-Android-5.1.1/app/SecTabletClockPackage_LUPG/arm/SecTabletClockPackage_LUPG.dex
11-18 09:32:47:039 De-optimizing /system/app/SPrintSpoolerLMR1/SPrintSpoolerLMR1.apk
11-18 09:32:48:870 Output to /home/furzewolf/SM-P600-Android-5.1.1/app/SPrintSpoolerLMR1/arm/SPrintSpoolerLMR1.dex
11-18 09:32:49:294 De-optimizing /system/app/KnoxSetupWizardClient/KnoxSetupWizardClient.apk
11-18 09:32:50:088 Output to /home/furzewolf/SM-P600-Android-5.1.1/app/KnoxSetupWizardClient/arm/KnoxSetupWizardClient.dex
11-18 09:32:50:519 De-optimizing /system/app/GoogleCalendarSyncAdapter/GoogleCalendarSyncAdapter.apk
11-18 09:32:53:196 Output to /home/furzewolf/SM-P600-Android-5.1.1/app/GoogleCalendarSyncAdapter/arm/GoogleCalendarSyncAdapter.dex
11-18 09:32:53:657 De-optimizing /system/app/EdmVpnServices/EdmVpnServices.apk
11-18 09:32:54:372 Output to /home/furzewolf/SM-P600-Android-5.1.1/app/EdmVpnServices/arm/EdmVpnServices.dex
11-18 09:32:54:862 De-optimizing /system/app/SecEmail_Tablet/SecEmail_Tablet.apk
11-18 09:33:05:628 Output to /home/furzewolf/SM-P600-Android-5.1.1/app/SecEmail_Tablet/arm/SecEmail_Tablet.dex
11-18 09:33:07:659 De-optimizing /system/app/ShareShotService/ShareShotService.apk
11-18 09:33:09:015 Output to /home/furzewolf/SM-P600-Android-5.1.1/app/ShareShotService/arm/ShareShotService.dex
11-18 09:33:09:399 De-optimizing /system/app/PacProcessor/PacProcessor.apk
11-18 09:33:09:538 Output to /home/furzewolf/SM-P600-Android-5.1.1/app/PacProcessor/arm/PacProcessor.dex
11-18 09:33:09:947 De-optimizing /system/app/Newsstand/Newsstand.apk
11-18 09:33:17:950 Output to /home/furzewolf/SM-P600-Android-5.1.1/app/Newsstand/arm/Newsstand.dex
11-18 09:33:19:375 De-optimizing /system/app/talkback/talkback.apk
11-18 09:33:22:458 Output to /home/furzewolf/SM-P600-Android-5.1.1/app/talkback/arm/talkback.dex
11-18 09:33:23:041 De-optimizing /system/app/YouTube/YouTube.apk
11-18 09:33:31:121 Output to /home/furzewolf/SM-P600-Android-5.1.1/app/YouTube/arm/YouTube.dex
11-18 09:33:32:556 De-optimizing /system/app/SBrowser_3.0.38/SBrowser_3.0.38.apk
11-18 09:33:38:616 Output to /home/furzewolf/SM-P600-Android-5.1.1/app/SBrowser_3.0.38/arm/SBrowser_3.0.38.dex
11-18 09:36:48:388 De-optimizing /system/priv-app/wssyncmlnps/wssyncmlnps.apk
11-18 09:36:50:321 Output to /home/furzewolf/SM-P600-Android-5.1.1/priv-app/wssyncmlnps/arm/wssyncmlnps.dex
11-18 09:36:50:848 De-optimizing /system/priv-app/Scrapbook/Scrapbook.apk
11-18 09:36:55:393 Output to /home/furzewolf/SM-P600-Android-5.1.1/priv-app/Scrapbook/arm/Scrapbook.dex
11-18 09:36:56:414 De-optimizing /system/priv-app/Velvet/Velvet.apk
11-18 09:37:04:837 Output to /home/furzewolf/SM-P600-Android-5.1.1/priv-app/Velvet/arm/Velvet.dex
11-18 09:37:06:711 De-optimizing /system/priv-app/FmmDM/FmmDM.apk
11-18 09:37:08:486 Output to /home/furzewolf/SM-P600-Android-5.1.1/priv-app/FmmDM/arm/FmmDM.dex
11-18 09:37:08:896 De-optimizing /system/priv-app/CSC/CSC.apk
11-18 09:37:10:262 Output to /home/furzewolf/SM-P600-Android-5.1.1/priv-app/CSC/arm/CSC.dex
11-18 09:37:10:723 De-optimizing /system/priv-app/SecLiveWallpapersPicker/SecLiveWallpapersPicker.apk
11-18 09:37:11:061 Output to /home/furzewolf/SM-P600-Android-5.1.1/priv-app/SecLiveWallpapersPicker/arm/SecLiveWallpapersPicker.dex
11-18 09:37:11:439 De-optimizing /system/priv-app/SecWallpaperPicker/SecWallpaperPicker.apk
11-18 09:37:12:620 Output to /home/furzewolf/SM-P600-Android-5.1.1/priv-app/SecWallpaperPicker/arm/SecWallpaperPicker.dex
11-18 09:37:13:380 De-optimizing /system/priv-app/SecSettings/SecSettings.apk
11-18 09:37:20:410 Output to /home/furzewolf/SM-P600-Android-5.1.1/priv-app/SecSettings/arm/SecSettings.dex
11-18 09:37:22:505 De-optimizing /system/priv-app/SharedStorageBackup/SharedStorageBackup.apk
11-18 09:37:22:723 Output to /home/furzewolf/SM-P600-Android-5.1.1/priv-app/SharedStorageBackup/arm/SharedStorageBackup.dex
11-18 09:37:23:159 De-optimizing /system/priv-app/SamsungBilling/SamsungBilling.apk
11-18 09:37:25:739 Output to /home/furzewolf/SM-P600-Android-5.1.1/priv-app/SamsungBilling/arm/SamsungBilling.dex
11-18 09:37:26:337 De-optimizing /system/priv-app/Samsungservice2_xlarge-xhdpi/Samsungservice2_xlarge-xhdpi.apk
11-18 09:37:29:648 Output to /home/furzewolf/SM-P600-Android-5.1.1/priv-app/Samsungservice2_xlarge-xhdpi/arm/Samsungservice2_xlarge-xhdpi.dex
11-18 09:37:30:380 De-optimizing /system/priv-app/PhotoStudio_WQXGA_V1/PhotoStudio_WQXGA_V1.apk
11-18 09:37:36:169 Output to /home/furzewolf/SM-P600-Android-5.1.1/priv-app/PhotoStudio_WQXGA_V1/arm/PhotoStudio_WQXGA_V1.dex
11-18 09:37:37:313 De-optimizing /system/priv-app/TeleService/TeleService.apk
11-18 09:37:41:822 Output to /home/furzewolf/SM-P600-Android-5.1.1/priv-app/TeleService/arm/TeleService.dex
11-18 09:37:42:760 De-optimizing /system/priv-app/sCloudQuotaApp/sCloudQuotaApp.apk
11-18 09:37:43:593 Output to /home/furzewolf/SM-P600-Android-5.1.1/priv-app/sCloudQuotaApp/arm/sCloudQuotaApp.dex
11-18 09:37:43:971 De-optimizing /system/priv-app/Kies/Kies.apk
11-18 09:37:44:428 Output to /home/furzewolf/SM-P600-Android-5.1.1/priv-app/Kies/arm/Kies.dex
11-18 09:37:44:773 De-optimizing /system/priv-app/FotaClient/FotaClient.apk
11-18 09:37:46:337 Output to /home/furzewolf/SM-P600-Android-5.1.1/priv-app/FotaClient/arm/FotaClient.dex
11-18 09:37:46:732 De-optimizing /system/priv-app/SecSettingsProvider/SecSettingsProvider.apk
11-18 09:37:47:872 Output to /home/furzewolf/SM-P600-Android-5.1.1/priv-app/SecSettingsProvider/arm/SecSettingsProvider.dex
11-18 09:37:48:244 De-optimizing /system/priv-app/GoogleFeedback/GoogleFeedback.apk
11-18 09:37:49:447 Output to /home/furzewolf/SM-P600-Android-5.1.1/priv-app/GoogleFeedback/arm/GoogleFeedback.dex
11-18 09:37:49:823 De-optimizing /system/priv-app/FmmDS/FmmDS.apk
11-18 09:37:51:028 Output to /home/furzewolf/SM-P600-Android-5.1.1/priv-app/FmmDS/arm/FmmDS.dex
11-18 09:37:51:400 De-optimizing /system/priv-app/SecCalculator2_L/SecCalculator2_L.apk
11-18 09:37:52:464 Output to /home/furzewolf/SM-P600-Android-5.1.1/priv-app/SecCalculator2_L/arm/SecCalculator2_L.dex
11-18 09:37:52:818 De-optimizing /system/priv-app/VpnDialogs/VpnDialogs.apk
11-18 09:37:53:104 Output to /home/furzewolf/SM-P600-Android-5.1.1/priv-app/VpnDialogs/arm/VpnDialogs.dex
11-18 09:37:53:488 De-optimizing /system/priv-app/GoogleBackupTransport/GoogleBackupTransport.apk
11-18 09:37:54:771 Output to /home/furzewolf/SM-P600-Android-5.1.1/priv-app/GoogleBackupTransport/arm/GoogleBackupTransport.dex
11-18 09:37:55:231 De-optimizing /system/priv-app/GmsCore/GmsCore.apk
11-18 09:38:05:283 Output to /home/furzewolf/SM-P600-Android-5.1.1/priv-app/GmsCore/arm/GmsCore.dex
11-18 09:38:05:283 De-optimizing /system/priv-app/GmsCore/GmsCore.apk:classes2.dex
11-18 09:38:11:147 Output to /home/furzewolf/SM-P600-Android-5.1.1/priv-app/GmsCore/arm/GmsCore-classes2.dex
11-18 09:38:11:147 De-optimizing /system/priv-app/GmsCore/GmsCore.apk:classes3.dex
11-18 09:38:13:458 Output to /home/furzewolf/SM-P600-Android-5.1.1/priv-app/GmsCore/arm/GmsCore-classes3.dex
11-18 09:38:15:515 De-optimizing /system/priv-app/Shell/Shell.apk
11-18 09:38:16:670 Output to /home/furzewolf/SM-P600-Android-5.1.1/priv-app/Shell/arm/Shell.dex
11-18 09:38:17:078 De-optimizing /system/priv-app/DeviceTest/DeviceTest.apk
11-18 09:38:21:434 Output to /home/furzewolf/SM-P600-Android-5.1.1/priv-app/DeviceTest/arm/DeviceTest.dex
11-18 09:38:22:159 De-optimizing /system/priv-app/PCWClientS18/PCWClientS18.apk
11-18 09:38:23:100 Output to /home/furzewolf/SM-P600-Android-5.1.1/priv-app/PCWClientS18/arm/PCWClientS18.dex
11-18 09:38:23:480 De-optimizing /system/priv-app/ServiceModeApp_RIL/ServiceModeApp_RIL.apk
11-18 09:38:24:346 Output to /home/furzewolf/SM-P600-Android-5.1.1/priv-app/ServiceModeApp_RIL/arm/ServiceModeApp_RIL.dex
11-18 09:38:24:764 De-optimizing /system/priv-app/DeviceKeystring/DeviceKeystring.apk
11-18 09:38:26:581 Output to /home/furzewolf/SM-P600-Android-5.1.1/priv-app/DeviceKeystring/arm/DeviceKeystring.dex
11-18 09:38:27:092 De-optimizing /system/priv-app/Hearingdro_music_v1/Hearingdro_music_v1.apk
11-18 09:38:27:515 Output to /home/furzewolf/SM-P600-Android-5.1.1/priv-app/Hearingdro_music_v1/arm/Hearingdro_music_v1.dex
11-18 09:38:27:949 De-optimizing /system/priv-app/SetupWizard/SetupWizard.apk
11-18 09:38:31:447 Output to /home/furzewolf/SM-P600-Android-5.1.1/priv-app/SetupWizard/arm/SetupWizard.dex
11-18 09:38:32:208 De-optimizing /system/priv-app/Telecom/Telecom.apk
11-18 09:38:34:464 Output to /home/furzewolf/SM-P600-Android-5.1.1/priv-app/Telecom/arm/Telecom.dex
11-18 09:38:34:950 De-optimizing /system/priv-app/SecContactsProvider/SecContactsProvider.apk
11-18 09:38:39:192 Output to /home/furzewolf/SM-P600-Android-5.1.1/priv-app/SecContactsProvider/arm/SecContactsProvider.dex
11-18 09:38:40:124 De-optimizing /system/priv-app/NoiseField/NoiseField.apk
11-18 09:38:40:375 Output to /home/furzewolf/SM-P600-Android-5.1.1/priv-app/NoiseField/arm/NoiseField.dex
11-18 09:38:40:739 De-optimizing /system/priv-app/SNS/SNS.apk
11-18 09:38:44:721 Output to /home/furzewolf/SM-P600-Android-5.1.1/priv-app/SNS/arm/SNS.dex
11-18 09:38:45:402 De-optimizing /system/priv-app/PhaseBeam/PhaseBeam.apk
11-18 09:38:45:653 Output to /home/furzewolf/SM-P600-Android-5.1.1/priv-app/PhaseBeam/arm/PhaseBeam.dex
11-18 09:38:46:033 De-optimizing /system/priv-app/PicAction/PicAction.apk
11-18 09:38:50:648 Output to /home/furzewolf/SM-P600-Android-5.1.1/priv-app/PicAction/arm/PicAction.dex
11-18 09:38:51:426 De-optimizing /system/priv-app/GoogleServicesFramework/GoogleServicesFramework.apk
11-18 09:38:53:923 Output to /home/furzewolf/SM-P600-Android-5.1.1/priv-app/GoogleServicesFramework/arm/GoogleServicesFramework.dex
11-18 09:38:54:387 De-optimizing /system/priv-app/DefaultContainerService/DefaultContainerService.apk
11-18 09:38:54:618 Output to /home/furzewolf/SM-P600-Android-5.1.1/priv-app/DefaultContainerService/arm/DefaultContainerService.dex
11-18 09:38:54:974 De-optimizing /system/priv-app/StoryAlbumStubActivationUpgrade_Tablet/StoryAlbumStubActivationUpgrade_Tablet.apk
11-18 09:38:55:550 Output to /home/furzewolf/SM-P600-Android-5.1.1/priv-app/StoryAlbumStubActivationUpgrade_Tablet/arm/StoryAlbumStubActivationUpgrade_Tablet.dex
11-18 09:38:55:904 De-optimizing /system/priv-app/S_Translator_CSLi_STUB/S_Translator_CSLi_STUB.apk
11-18 09:38:56:403 Output to /home/furzewolf/SM-P600-Android-5.1.1/priv-app/S_Translator_CSLi_STUB/arm/S_Translator_CSLi_STUB.dex
11-18 09:38:56:769 De-optimizing /system/priv-app/GoogleOneTimeInitializer/GoogleOneTimeInitializer.apk
11-18 09:38:57:978 Output to /home/furzewolf/SM-P600-Android-5.1.1/priv-app/GoogleOneTimeInitializer/arm/GoogleOneTimeInitializer.dex
11-18 09:38:58:414 De-optimizing /system/priv-app/sCloudBackupApp/sCloudBackupApp.apk
11-18 09:39:00:298 Output to /home/furzewolf/SM-P600-Android-5.1.1/priv-app/sCloudBackupApp/arm/sCloudBackupApp.dex
11-18 09:39:00:811 De-optimizing /system/priv-app/SyncmlDM/SyncmlDM.apk
11-18 09:39:03:066 Output to /home/furzewolf/SM-P600-Android-5.1.1/priv-app/SyncmlDM/arm/SyncmlDM.dex
11-18 09:39:03:614 De-optimizing /system/priv-app/SecContacts_Tablet/SecContacts_Tablet.apk
11-18 09:39:12:115 Output to /home/furzewolf/SM-P600-Android-5.1.1/priv-app/SecContacts_Tablet/arm/SecContacts_Tablet.dex
11-18 09:39:14:005 De-optimizing /system/priv-app/SecTabletMyFiles2/SecTabletMyFiles2.apk
11-18 09:39:17:735 Output to /home/furzewolf/SM-P600-Android-5.1.1/priv-app/SecTabletMyFiles2/arm/SecTabletMyFiles2.dex
11-18 09:39:18:474 De-optimizing /system/priv-app/SecVideoPlayer/SecVideoPlayer.apk
11-18 09:39:22:049 Output to /home/furzewolf/SM-P600-Android-5.1.1/priv-app/SecVideoPlayer/arm/SecVideoPlayer.dex
11-18 09:39:22:864 De-optimizing /system/priv-app/PageBuddyNotiSvcK/PageBuddyNotiSvcK.apk
11-18 09:39:24:155 Output to /home/furzewolf/SM-P600-Android-5.1.1/priv-app/PageBuddyNotiSvcK/arm/PageBuddyNotiSvcK.dex
11-18 09:39:24:624 De-optimizing /system/priv-app/SecGallery2013/SecGallery2013.apk
11-18 09:39:34:663 Output to /home/furzewolf/SM-P600-Android-5.1.1/priv-app/SecGallery2013/arm/SecGallery2013.dex
11-18 09:39:36:507 De-optimizing /system/priv-app/SamsungMusic_tablet_20/SamsungMusic_tablet_20.apk
11-18 09:39:40:430 Output to /home/furzewolf/SM-P600-Android-5.1.1/priv-app/SamsungMusic_tablet_20/arm/SamsungMusic_tablet_20.dex
11-18 09:39:41:272 De-optimizing /system/priv-app/ShareVideo/ShareVideo.apk
11-18 09:39:44:011 Output to /home/furzewolf/SM-P600-Android-5.1.1/priv-app/ShareVideo/arm/ShareVideo.dex
11-18 09:39:44:516 De-optimizing /system/priv-app/DiagMonAgent/DiagMonAgent.apk
11-18 09:39:46:610 Output to /home/furzewolf/SM-P600-Android-5.1.1/priv-app/DiagMonAgent/arm/DiagMonAgent.dex
11-18 09:39:47:063 De-optimizing /system/priv-app/MmsService/MmsService.apk
11-18 09:39:47:645 Output to /home/furzewolf/SM-P600-Android-5.1.1/priv-app/MmsService/arm/MmsService.dex
11-18 09:39:48:005 De-optimizing /system/priv-app/BestFace/BestFace.apk
11-18 09:39:48:651 Output to /home/furzewolf/SM-P600-Android-5.1.1/priv-app/BestFace/arm/BestFace.dex
11-18 09:39:49:041 De-optimizing /system/priv-app/MusicCommonUtility/MusicCommonUtility.apk
11-18 09:39:50:262 Output to /home/furzewolf/SM-P600-Android-5.1.1/priv-app/MusicCommonUtility/arm/MusicCommonUtility.dex
11-18 09:39:50:712 De-optimizing /system/priv-app/S-Voice_Android_tablet_vlingo/S-Voice_Android_tablet_vlingo.apk
11-18 09:39:57:685 Output to /home/furzewolf/SM-P600-Android-5.1.1/priv-app/S-Voice_Android_tablet_vlingo/arm/S-Voice_Android_tablet_vlingo.dex
11-18 09:39:58:999 De-optimizing /system/priv-app/TrimApp_tablet_light/TrimApp_tablet_light.apk
11-18 09:40:00:051 Output to /home/furzewolf/SM-P600-Android-5.1.1/priv-app/TrimApp_tablet_light/arm/TrimApp_tablet_light.dex
11-18 09:40:00:450 De-optimizing /system/priv-app/HwModuleTest/HwModuleTest.apk
11-18 09:40:03:330 Output to /home/furzewolf/SM-P600-Android-5.1.1/priv-app/HwModuleTest/arm/HwModuleTest.dex
11-18 09:40:03:936 De-optimizing /system/priv-app/SketchBookStub/SketchBookStub.apk
11-18 09:40:05:040 Output to /home/furzewolf/SM-P600-Android-5.1.1/priv-app/SketchBookStub/arm/SketchBookStub.dex
11-18 09:40:05:436 De-optimizing /system/priv-app/KLMSAgent/KLMSAgent.apk
11-18 09:40:06:953 Output to /home/furzewolf/SM-P600-Android-5.1.1/priv-app/KLMSAgent/arm/KLMSAgent.dex
11-18 09:40:07:348 De-optimizing /system/priv-app/SecDownloadProvider/SecDownloadProvider.apk
11-18 09:40:08:858 Output to /home/furzewolf/SM-P600-Android-5.1.1/priv-app/SecDownloadProvider/arm/SecDownloadProvider.dex
11-18 09:40:09:278 De-optimizing /system/priv-app/sCloudDataSync/sCloudDataSync.apk
11-18 09:40:10:877 Output to /home/furzewolf/SM-P600-Android-5.1.1/priv-app/sCloudDataSync/arm/sCloudDataSync.dex
11-18 09:40:11:265 De-optimizing /system/priv-app/AutomationTest_FB/AutomationTest_FB.apk
11-18 09:40:12:073 Output to /home/furzewolf/SM-P600-Android-5.1.1/priv-app/AutomationTest_FB/arm/AutomationTest_FB.dex
11-18 09:40:12:420 De-optimizing /system/priv-app/MtpApplication/MtpApplication.apk
11-18 09:40:12:974 Output to /home/furzewolf/SM-P600-Android-5.1.1/priv-app/MtpApplication/arm/MtpApplication.dex
11-18 09:40:13:325 De-optimizing /system/priv-app/Hs20Settings/Hs20Settings.apk
11-18 09:40:13:492 Output to /home/furzewolf/SM-P600-Android-5.1.1/priv-app/Hs20Settings/arm/Hs20Settings.dex
11-18 09:40:13:858 De-optimizing /system/priv-app/SPPPushClient_Prod/SPPPushClient_Prod.apk
11-18 09:40:17:249 Output to /home/furzewolf/SM-P600-Android-5.1.1/priv-app/SPPPushClient_Prod/arm/SPPPushClient_Prod.dex
11-18 09:40:17:813 De-optimizing /system/priv-app/sCloudDataRelay/sCloudDataRelay.apk
11-18 09:40:18:492 Output to /home/furzewolf/SM-P600-Android-5.1.1/priv-app/sCloudDataRelay/arm/sCloudDataRelay.dex
11-18 09:40:18:904 De-optimizing /system/priv-app/GoogleLoginService/GoogleLoginService.apk
11-18 09:40:22:422 Output to /home/furzewolf/SM-P600-Android-5.1.1/priv-app/GoogleLoginService/arm/GoogleLoginService.dex
11-18 09:40:23:137 De-optimizing /system/priv-app/AndroidForWork/AndroidForWork.apk
11-18 09:40:23:394 Output to /home/furzewolf/SM-P600-Android-5.1.1/priv-app/AndroidForWork/arm/AndroidForWork.dex
11-18 09:40:23:762 De-optimizing /system/priv-app/SFinder/SFinder.apk
11-18 09:40:25:968 Output to /home/furzewolf/SM-P600-Android-5.1.1/priv-app/SFinder/arm/SFinder.dex
11-18 09:40:26:396 De-optimizing /system/priv-app/DSMLawmo/DSMLawmo.apk
11-18 09:40:27:369 Output to /home/furzewolf/SM-P600-Android-5.1.1/priv-app/DSMLawmo/arm/DSMLawmo.dex
11-18 09:40:27:729 De-optimizing /system/priv-app/BackupRestoreConfirmation/BackupRestoreConfirmation.apk
11-18 09:40:27:900 Output to /home/furzewolf/SM-P600-Android-5.1.1/priv-app/BackupRestoreConfirmation/arm/BackupRestoreConfirmation.dex
11-18 09:40:28:239 De-optimizing /system/priv-app/CloudAgent/CloudAgent.apk
11-18 09:40:30:966 Output to /home/furzewolf/SM-P600-Android-5.1.1/priv-app/CloudAgent/arm/CloudAgent.dex
11-18 09:40:31:555 De-optimizing /system/priv-app/SamsungVideo/SamsungVideo.apk
11-18 09:40:33:709 Output to /home/furzewolf/SM-P600-Android-5.1.1/priv-app/SamsungVideo/arm/SamsungVideo.dex
11-18 09:40:34:239 De-optimizing /system/priv-app/SoundAlive_Tablet_20/SoundAlive_Tablet_20.apk
11-18 09:40:34:923 Output to /home/furzewolf/SM-P600-Android-5.1.1/priv-app/SoundAlive_Tablet_20/arm/SoundAlive_Tablet_20.dex
11-18 09:40:35:310 De-optimizing /system/framework/twframework.jar
11-18 09:40:38:164 Output to /home/furzewolf/SM-P600-Android-5.1.1/priv-app/SecVideo/arm/twframework.dex
11-18 09:40:38:165 De-optimizing /system/priv-app/SecVideo/SecVideo.apk
11-18 09:40:39:165 Output to /home/furzewolf/SM-P600-Android-5.1.1/priv-app/SecVideo/arm/SecVideo.dex
11-18 09:40:39:682 De-optimizing /system/priv-app/TouchWizHome_K/TouchWizHome_K.apk
11-18 09:40:43:960 Output to /home/furzewolf/SM-P600-Android-5.1.1/priv-app/TouchWizHome_K/arm/TouchWizHome_K.dex
11-18 09:40:44:709 De-optimizing /system/priv-app/ManagedProvisioning/ManagedProvisioning.apk
11-18 09:40:46:078 Output to /home/furzewolf/SM-P600-Android-5.1.1/priv-app/ManagedProvisioning/arm/ManagedProvisioning.dex
11-18 09:40:46:441 De-optimizing /system/priv-app/SecMediaProvider/SecMediaProvider.apk
11-18 09:40:48:120 Output to /home/furzewolf/SM-P600-Android-5.1.1/priv-app/SecMediaProvider/arm/SecMediaProvider.dex
11-18 09:40:48:555 De-optimizing /system/priv-app/LogsProvider/LogsProvider.apk
11-18 09:40:49:350 Output to /home/furzewolf/SM-P600-Android-5.1.1/priv-app/LogsProvider/arm/LogsProvider.dex
11-18 09:40:49:725 De-optimizing /system/priv-app/SamsungLink18_stub/SamsungLink18_stub.apk
11-18 09:40:51:798 Output to /home/furzewolf/SM-P600-Android-5.1.1/priv-app/SamsungLink18_stub/arm/SamsungLink18_stub.dex
11-18 09:40:52:264 De-optimizing /system/priv-app/TripAdvisor_Stub/TripAdvisor_Stub.apk
11-18 09:40:52:748 Output to /home/furzewolf/SM-P600-Android-5.1.1/priv-app/TripAdvisor_Stub/arm/TripAdvisor_Stub.dex
11-18 09:40:53:084 De-optimizing /system/priv-app/WallpaperCropper/WallpaperCropper.apk
11-18 09:40:54:501 Output to /home/furzewolf/SM-P600-Android-5.1.1/priv-app/WallpaperCropper/arm/WallpaperCropper.dex
11-18 09:40:54:911 De-optimizing /system/priv-app/Eraser/Eraser.apk
11-18 09:40:55:508 Output to /home/furzewolf/SM-P600-Android-5.1.1/priv-app/Eraser/arm/Eraser.dex
11-18 09:40:55:893 De-optimizing /system/priv-app/GroupPlay_25_stub/GroupPlay_25_stub.apk
11-18 09:40:56:348 Output to /home/furzewolf/SM-P600-Android-5.1.1/priv-app/GroupPlay_25_stub/arm/GroupPlay_25_stub.dex
11-18 09:40:56:677 De-optimizing /system/priv-app/ProxyHandler/ProxyHandler.apk
11-18 09:40:56:889 Output to /home/furzewolf/SM-P600-Android-5.1.1/priv-app/ProxyHandler/arm/ProxyHandler.dex
11-18 09:40:57:241 De-optimizing /system/priv-app/ExternalStorageProvider/ExternalStorageProvider.apk
11-18 09:40:57:518 Output to /home/furzewolf/SM-P600-Android-5.1.1/priv-app/ExternalStorageProvider/arm/ExternalStorageProvider.dex
11-18 09:40:57:857 De-optimizing /system/priv-app/TelephonyProvider/TelephonyProvider.apk
11-18 09:40:58:599 Output to /home/furzewolf/SM-P600-Android-5.1.1/priv-app/TelephonyProvider/arm/TelephonyProvider.dex
11-18 09:40:58:945 De-optimizing /system/priv-app/FusedLocation/FusedLocation.apk
11-18 09:40:59:142 Output to /home/furzewolf/SM-P600-Android-5.1.1/priv-app/FusedLocation/arm/FusedLocation.dex
11-18 09:40:59:496 De-optimizing /system/priv-app/StoryAlbumWidget/StoryAlbumWidget.apk
11-18 09:40:59:934 Output to /home/furzewolf/SM-P600-Android-5.1.1/priv-app/StoryAlbumWidget/arm/StoryAlbumWidget.dex
11-18 09:41:00:262 De-optimizing /system/priv-app/serviceModeApp_FB/serviceModeApp_FB.apk
11-18 09:41:01:316 Output to /home/furzewolf/SM-P600-Android-5.1.1/priv-app/serviceModeApp_FB/arm/serviceModeApp_FB.dex
11-18 09:41:01:773 De-optimizing /system/priv-app/Phonesky/Phonesky.apk
11-18 09:41:09:245 Output to /home/furzewolf/SM-P600-Android-5.1.1/priv-app/Phonesky/arm/Phonesky.dex
11-18 09:41:10:609 De-optimizing /system/priv-app/SamsungApps_Tablet/SamsungApps_Tablet.apk
11-18 09:41:15:018 Output to /home/furzewolf/SM-P600-Android-5.1.1/priv-app/SamsungApps_Tablet/arm/SamsungApps_Tablet.dex
11-18 09:41:16:121 De-optimizing /system/priv-app/GooglePartnerSetup/GooglePartnerSetup.apk
11-18 09:41:17:277 Output to /home/furzewolf/SM-P600-Android-5.1.1/priv-app/GooglePartnerSetup/arm/GooglePartnerSetup.dex
11-18 09:41:17:642 De-optimizing /system/priv-app/InputDevices/InputDevices.apk
11-18 09:41:17:741 Output to /home/furzewolf/SM-P600-Android-5.1.1/priv-app/InputDevices/arm/InputDevices.dex
11-18 09:41:18:139 De-optimizing /system/priv-app/SystemUI/SystemUI.apk
11-18 09:41:23:554 Output to /home/furzewolf/SM-P600-Android-5.1.1/priv-app/SystemUI/arm/SystemUI.dex
11-18 09:41:24:756 De-optimizing /system/priv-app/SecCalendarProvider_Tablet/SecCalendarProvider_Tablet.apk
11-18 09:41:26:759 Output to /home/furzewolf/SM-P600-Android-5.1.1/priv-app/SecCalendarProvider_Tablet/arm/SecCalendarProvider_Tablet.dex
11-18 09:51:13:020 De-optimizing /system/framework/allshare.jar
11-18 09:51:14:416 Output to /home/furzewolf/SM-P600-Android-5.1.1/framework/arm/allshare.dex
11-18 09:51:14:802 De-optimizing /system/framework/am.jar
11-18 09:51:15:229 Output to /home/furzewolf/SM-P600-Android-5.1.1/framework/arm/am.dex
11-18 09:51:15:568 De-optimizing /system/framework/android.test.runner.jar
11-18 09:51:16:501 Output to /home/furzewolf/SM-P600-Android-5.1.1/framework/arm/android.test.runner.dex
11-18 09:51:16:849 De-optimizing /system/framework/appops.jar
11-18 09:51:17:050 Output to /home/furzewolf/SM-P600-Android-5.1.1/framework/arm/appops.dex
11-18 09:51:17:396 De-optimizing /system/framework/appwidget.jar
11-18 09:51:17:547 Output to /home/furzewolf/SM-P600-Android-5.1.1/framework/arm/appwidget.dex
11-18 09:51:17:871 De-optimizing /system/framework/bmgr.jar
11-18 09:51:18:092 Output to /home/furzewolf/SM-P600-Android-5.1.1/framework/arm/bmgr.dex
11-18 09:51:18:437 De-optimizing /system/framework/bu.jar
11-18 09:51:18:597 Output to /home/furzewolf/SM-P600-Android-5.1.1/framework/arm/bu.dex
11-18 09:51:18:927 De-optimizing /system/framework/com.android.future.usb.accessory.jar
11-18 09:51:19:075 Output to /home/furzewolf/SM-P600-Android-5.1.1/framework/arm/com.android.future.usb.accessory.dex
11-18 09:51:19:417 De-optimizing /system/framework/com.android.location.provider.jar
11-18 09:51:19:665 Output to /home/furzewolf/SM-P600-Android-5.1.1/framework/arm/com.android.location.provider.dex
11-18 09:51:19:987 De-optimizing /system/framework/com.android.mediadrm.signer.jar
11-18 09:51:20:109 Output to /home/furzewolf/SM-P600-Android-5.1.1/framework/arm/com.android.mediadrm.signer.dex
11-18 09:51:20:422 De-optimizing /system/framework/com.android.media.remotedisplay.jar
11-18 09:51:20:590 Output to /home/furzewolf/SM-P600-Android-5.1.1/framework/arm/com.android.media.remotedisplay.dex
11-18 09:51:20:916 De-optimizing /system/framework/com.broadcom.bt.jar
11-18 09:51:21:328 Output to /home/furzewolf/SM-P600-Android-5.1.1/framework/arm/com.broadcom.bt.dex
11-18 09:51:21:662 De-optimizing /system/framework/com.dsi.ant.antradio_library.jar
11-18 09:51:21:759 Output to /home/furzewolf/SM-P600-Android-5.1.1/framework/arm/com.dsi.ant.antradio_library.dex
11-18 09:51:22:071 De-optimizing /system/framework/com.google.widevine.software.drm.jar
11-18 09:51:22:166 Output to /home/furzewolf/SM-P600-Android-5.1.1/framework/arm/com.google.widevine.software.drm.dex
11-18 09:51:22:476 De-optimizing /system/framework/com.samsung.bbccommon.jar
11-18 09:51:22:679 Output to /home/furzewolf/SM-P600-Android-5.1.1/framework/arm/com.samsung.bbccommon.dex
11-18 09:51:23:016 De-optimizing /system/framework/content.jar
11-18 09:51:23:282 Output to /home/furzewolf/SM-P600-Android-5.1.1/framework/arm/content.dex
11-18 09:51:23:606 De-optimizing /system/framework/dpm.jar
11-18 09:51:23:751 Output to /home/furzewolf/SM-P600-Android-5.1.1/framework/arm/dpm.dex
11-18 09:51:24:091 De-optimizing /system/framework/ethernet-service.jar
11-18 09:51:24:629 Output to /home/furzewolf/SM-P600-Android-5.1.1/framework/arm/ethernet-service.dex
11-18 09:51:24:961 De-optimizing /system/framework/ime.jar
11-18 09:51:25:122 Output to /home/furzewolf/SM-P600-Android-5.1.1/framework/arm/ime.dex
11-18 09:51:25:454 De-optimizing /system/framework/input.jar
11-18 09:51:25:666 Output to /home/furzewolf/SM-P600-Android-5.1.1/framework/arm/input.dex
11-18 09:51:26:009 De-optimizing /system/framework/javax.obex.jar
11-18 09:51:26:576 Output to /home/furzewolf/SM-P600-Android-5.1.1/framework/arm/javax.obex.dex
11-18 09:51:26:943 De-optimizing /system/framework/media_cmd.jar
11-18 09:51:27:155 Output to /home/furzewolf/SM-P600-Android-5.1.1/framework/arm/media_cmd.dex
11-18 09:51:27:498 De-optimizing /system/framework/minimode.jar
11-18 09:51:28:125 Output to /home/furzewolf/SM-P600-Android-5.1.1/framework/arm/minimode.dex
11-18 09:51:28:455 De-optimizing /system/framework/monkey.jar
11-18 09:51:29:171 Output to /home/furzewolf/SM-P600-Android-5.1.1/framework/arm/monkey.dex
11-18 09:51:29:514 De-optimizing /system/framework/motionrecognitionservice.jar
11-18 09:51:30:196 Output to /home/furzewolf/SM-P600-Android-5.1.1/framework/arm/motionrecognitionservice.dex
11-18 09:51:30:531 De-optimizing /system/framework/multiwindow.jar
11-18 09:51:30:786 Output to /home/furzewolf/SM-P600-Android-5.1.1/framework/arm/multiwindow.dex
11-18 09:51:31:118 De-optimizing /system/framework/org.simalliance.openmobileapi.jar
11-18 09:51:31:497 Output to /home/furzewolf/SM-P600-Android-5.1.1/framework/arm/org.simalliance.openmobileapi.dex
11-18 09:51:31:850 De-optimizing /system/framework/pm.jar
11-18 09:51:32:334 Output to /home/furzewolf/SM-P600-Android-5.1.1/framework/arm/pm.dex
11-18 09:51:32:685 De-optimizing /system/framework/rcsopenapi.jar
11-18 09:51:34:137 Output to /home/furzewolf/SM-P600-Android-5.1.1/framework/arm/rcsopenapi.dex
11-18 09:51:34:573 De-optimizing /system/framework/requestsync.jar
11-18 09:51:34:797 Output to /home/furzewolf/SM-P600-Android-5.1.1/framework/arm/requestsync.dex
11-18 09:51:35:139 De-optimizing /system/framework/saiv.jar
11-18 09:51:35:450 Output to /home/furzewolf/SM-P600-Android-5.1.1/framework/arm/saiv.dex
11-18 09:51:35:830 De-optimizing /system/framework/scamera_sdk_util.jar
11-18 09:51:36:021 Output to /home/furzewolf/SM-P600-Android-5.1.1/framework/arm/scamera_sdk_util.dex
11-18 09:51:36:358 De-optimizing /system/framework/sec_feature.jar
11-18 09:51:36:466 Output to /home/furzewolf/SM-P600-Android-5.1.1/framework/arm/sec_feature.dex
11-18 09:51:36:851 De-optimizing /system/framework/sechardware.jar
11-18 09:51:37:081 Output to /home/furzewolf/SM-P600-Android-5.1.1/framework/arm/sechardware.dex
11-18 09:51:37:495 De-optimizing /system/framework/secimaging.jar
11-18 09:51:37:828 Output to /home/furzewolf/SM-P600-Android-5.1.1/framework/arm/secimaging.dex
11-18 09:51:38:208 De-optimizing /system/framework/secmediarecorder.jar
11-18 09:51:38:456 Output to /home/furzewolf/SM-P600-Android-5.1.1/framework/arm/secmediarecorder.dex
11-18 09:51:38:805 De-optimizing /system/framework/sec_platform_library.jar
11-18 09:51:39:013 Output to /home/furzewolf/SM-P600-Android-5.1.1/framework/arm/sec_platform_library.dex
11-18 09:51:39:426 De-optimizing /system/framework/secsmartcard.jar
11-18 09:51:40:354 Output to /home/furzewolf/SM-P600-Android-5.1.1/framework/arm/secsmartcard.dex
11-18 09:51:40:803 De-optimizing /system/framework/secvision.jar
11-18 09:51:42:800 Output to /home/furzewolf/SM-P600-Android-5.1.1/framework/arm/secvision.dex
11-18 09:51:43:241 De-optimizing /system/framework/secvisualeffect.jar
11-18 09:51:44:500 Output to /home/furzewolf/SM-P600-Android-5.1.1/framework/arm/secvisualeffect.dex
11-18 09:51:45:050 De-optimizing /system/framework/services.jar
11-18 09:51:59:476 Output to /home/furzewolf/SM-P600-Android-5.1.1/framework/arm/services.dex
11-18 09:52:01:172 De-optimizing /system/framework/settings.jar
11-18 09:52:01:372 Output to /home/furzewolf/SM-P600-Android-5.1.1/framework/arm/settings.dex
11-18 09:52:01:746 De-optimizing /system/framework/sgi.jar
11-18 09:52:03:483 Output to /home/furzewolf/SM-P600-Android-5.1.1/framework/arm/sgi.dex
11-18 09:52:03:957 De-optimizing /system/framework/SLinkNTSManager.jar
11-18 09:52:04:124 Output to /home/furzewolf/SM-P600-Android-5.1.1/framework/arm/SLinkNTSManager.dex
11-18 09:52:04:531 De-optimizing /system/framework/smartfaceserviceapi.jar
11-18 09:52:04:794 Output to /home/furzewolf/SM-P600-Android-5.1.1/framework/arm/smartfaceserviceapi.dex
11-18 09:52:05:137 De-optimizing /system/framework/smatlib.jar
11-18 09:52:05:250 Output to /home/furzewolf/SM-P600-Android-5.1.1/framework/arm/smatlib.dex
11-18 09:52:05:591 De-optimizing /system/framework/ssrm.jar
11-18 09:52:07:417 Output to /home/furzewolf/SM-P600-Android-5.1.1/framework/arm/ssrm.dex
11-18 09:52:07:855 De-optimizing /system/framework/svc.jar
11-18 09:52:08:036 Output to /home/furzewolf/SM-P600-Android-5.1.1/framework/arm/svc.dex
11-18 09:52:08:406 De-optimizing /system/framework/svi.jar
11-18 09:52:09:899 Output to /home/furzewolf/SM-P600-Android-5.1.1/framework/arm/svi.dex
11-18 09:52:10:267 De-optimizing /system/framework/sws.jar
11-18 09:52:10:976 Output to /home/furzewolf/SM-P600-Android-5.1.1/framework/arm/sws.dex
11-18 09:52:11:351 De-optimizing /system/framework/twframework.jar
11-18 09:52:14:246 Output to /home/furzewolf/SM-P600-Android-5.1.1/framework/arm/twframework.dex
11-18 09:52:14:697 De-optimizing /system/framework/uiautomator.jar
11-18 09:52:15:365 Output to /home/furzewolf/SM-P600-Android-5.1.1/framework/arm/uiautomator.dex
11-18 09:52:15:715 De-optimizing /system/framework/videowall.jar
11-18 09:52:16:024 Output to /home/furzewolf/SM-P600-Android-5.1.1/framework/arm/videowall.dex
11-18 09:52:16:385 De-optimizing /system/framework/wifi-service.jar
11-18 09:52:19:239 Output to /home/furzewolf/SM-P600-Android-5.1.1/framework/arm/wifi-service.dex
11-18 09:52:19:761 De-optimizing /system/framework/wm.jar
11-18 09:52:19:922 Output to /home/furzewolf/SM-P600-Android-5.1.1/framework/arm/wm.dex
